Voice bridge listening on http://127.0.0.1:8787
[transcribe] 1533ms ok
[chat] 2288ms ok
[tts] 1232ms ok
[transcribe] 423ms ok
[chat] 3054ms ok
[tts] 926ms ok
[transcribe] 728ms ok
[chat] 4972ms ok
[tts] 1068ms ok
[transcribe] 608ms ok
[chat] 5075ms ok
[tts] 1340ms ok
[transcribe] 1100ms ok
[chat] 3176ms ok
[tts] 1878ms ok
[transcribe] 566ms ok
[chat] 10924ms ok
[transcribe] 260ms ok
[chat] 3767ms ok
[tts] 830ms ok
[transcribe] 259ms ok
[chat] 34301ms ok
[tts] 1044ms ok
[transcribe] 721ms ok
[chat] 4198ms ok
[tts] 1140ms ok
[transcribe] 1864ms ok
[chat] 426ms ok
[chat] 120013ms error
[transcribe] 1579ms ok
[chat] 10278ms ok
[transcribe] 401ms ok
[chat] 2585ms ok
[transcribe] 418ms ok
[chat] 2195ms ok
[transcribe] 475ms ok
[chat] 4005ms ok
[transcribe] 404ms ok
[chat] 3476ms ok
[tts] 1610ms ok
[transcribe] 406ms ok
[chat] 4434ms ok
[transcribe] 585ms ok
[chat] 2710ms ok
[tts] 1203ms ok
[transcribe] 626ms ok
[chat] 2651ms ok
[transcribe] 773ms ok
[chat] 3982ms ok
[tts] 2079ms ok
[transcribe] 509ms ok
[chat] 13156ms ok
[transcribe] 561ms ok
[chat] 3759ms ok
[transcribe] 279ms ok
[chat] 8980ms ok
[transcribe] 313ms ok
[chat] 3796ms ok
[transcribe] 551ms ok
[chat] 21843ms ok
[transcribe] 965ms ok
[chat] 3570ms ok
[tts] 1191ms ok
[transcribe] 624ms ok
[chat] 2712ms ok
[tts] 1035ms ok
[transcribe] 535ms ok
[chat] 19290ms ok
[tts] 1238ms ok
[transcribe] 2229ms ok
[chat] 32598ms ok
[tts] 940ms ok
[transcribe] 726ms ok
[chat] 3092ms ok
[tts] 899ms ok
[transcribe] 680ms ok
[chat] 18001ms ok
[transcribe] 408ms ok
[chat] 5813ms ok
[tts] 1977ms ok
[transcribe] 461ms ok
[chat] 12478ms ok
[tts] 1125ms ok
[transcribe] 1268ms ok
[chat] 26591ms ok
[tts] 1423ms ok
[transcribe] 618ms ok
[chat] 4623ms ok
[tts] 1011ms ok
[transcribe] 337ms ok
[chat] 2393ms ok
[tts] 1759ms ok
[transcribe] 478ms ok
[chat] 9706ms ok
[tts] 1035ms ok
[transcribe] 348ms ok
[chat] 34849ms error
[transcribe] 663ms ok
[chat] 7116ms ok
[tts] 1036ms ok
[transcribe] 524ms ok
[chat] 8122ms ok
[tts] 1355ms ok
[transcribe] 431ms ok
[chat] 12447ms ok
[tts] 1336ms ok
[transcribe] 405ms ok
[chat] 21501ms ok
[tts] 2146ms ok
[transcribe] 997ms ok
[chat] 5389ms ok
[tts] 1982ms ok
[transcribe] 771ms ok
[chat] 26997ms ok
[transcribe] 1010ms ok
[chat] 2958ms ok
[tts] 1133ms ok
[transcribe] 1439ms ok
[chat] 9726ms ok
[tts] 994ms ok
[transcribe] 772ms ok
